{"/Users/rachelhnik/node-microservice/order_service/src/respository/cart.repository.ts": {"path":"/Users/rachelhnik/node-microservice/order_service/src/respository/cart.repository.ts","all":false,"statementMap":{"0":{"start":{"line":1,"column":0},"end":{"line":1,"column":63}},"1":{"start":{"line":2,"column":0},"end":{"line":2,"column":0}},"2":{"start":{"line":3,"column":0},"end":{"line":3,"column":56}},"3":{"start":{"line":4,"column":0},"end":{"line":4,"column":76}},"4":{"start":{"line":5,"column":0},"end":{"line":5,"column":2}},"5":{"start":{"line":6,"column":0},"end":{"line":6,"column":53}},"6":{"start":{"line":7,"column":0},"end":{"line":7,"column":76}},"7":{"start":{"line":8,"column":0},"end":{"line":8,"column":2}},"8":{"start":{"line":9,"column":0},"end":{"line":9,"column":56}},"9":{"start":{"line":10,"column":0},"end":{"line":10,"column":76}},"10":{"start":{"line":11,"column":0},"end":{"line":11,"column":2}},"11":{"start":{"line":12,"column":0},"end":{"line":12,"column":56}},"12":{"start":{"line":13,"column":0},"end":{"line":13,"column":76}},"13":{"start":{"line":14,"column":0},"end":{"line":14,"column":2}},"14":{"start":{"line":15,"column":0},"end":{"line":15,"column":0}},"15":{"start":{"line":16,"column":0},"end":{"line":16,"column":52}},"16":{"start":{"line":17,"column":0},"end":{"line":17,"column":21}},"17":{"start":{"line":18,"column":0},"end":{"line":18,"column":15}},"18":{"start":{"line":19,"column":0},"end":{"line":19,"column":21}},"19":{"start":{"line":20,"column":0},"end":{"line":20,"column":21}},"20":{"start":{"line":21,"column":0},"end":{"line":21,"column":2}}},"s":{"0":1,"1":1,"2":1,"3":0,"4":0,"5":1,"6":0,"7":0,"8":1,"9":0,"10":0,"11":1,"12":0,"13":0,"14":1,"15":1,"16":1,"17":1,"18":1,"19":1,"20":1},"branchMap":{},"b":{},"fnMap":{"0":{"name":"createCart","decl":{"start":{"line":3,"column":19},"end":{"line":5,"column":2}},"loc":{"start":{"line":3,"column":19},"end":{"line":5,"column":2}},"line":3},"1":{"name":"getCart","decl":{"start":{"line":6,"column":16},"end":{"line":8,"column":2}},"loc":{"start":{"line":6,"column":16},"end":{"line":8,"column":2}},"line":6},"2":{"name":"updateCart","decl":{"start":{"line":9,"column":19},"end":{"line":11,"column":2}},"loc":{"start":{"line":9,"column":19},"end":{"line":11,"column":2}},"line":9},"3":{"name":"deleteCart","decl":{"start":{"line":12,"column":19},"end":{"line":14,"column":2}},"loc":{"start":{"line":12,"column":19},"end":{"line":14,"column":2}},"line":12}},"f":{"0":0,"1":0,"2":0,"3":0}}
,"/Users/rachelhnik/node-microservice/order_service/src/service/cart.service.ts": {"path":"/Users/rachelhnik/node-microservice/order_service/src/service/cart.service.ts","all":false,"statementMap":{"0":{"start":{"line":1,"column":0},"end":{"line":1,"column":63}},"1":{"start":{"line":2,"column":0},"end":{"line":2,"column":0}},"2":{"start":{"line":3,"column":0},"end":{"line":3,"column":75}},"3":{"start":{"line":4,"column":0},"end":{"line":4,"column":28}},"4":{"start":{"line":5,"column":0},"end":{"line":5,"column":2}},"5":{"start":{"line":6,"column":0},"end":{"line":6,"column":0}},"6":{"start":{"line":7,"column":0},"end":{"line":7,"column":75}},"7":{"start":{"line":8,"column":0},"end":{"line":8,"column":28}},"8":{"start":{"line":9,"column":0},"end":{"line":9,"column":2}},"9":{"start":{"line":10,"column":0},"end":{"line":10,"column":0}},"10":{"start":{"line":11,"column":0},"end":{"line":11,"column":72}},"11":{"start":{"line":12,"column":0},"end":{"line":12,"column":25}},"12":{"start":{"line":13,"column":0},"end":{"line":13,"column":2}},"13":{"start":{"line":14,"column":0},"end":{"line":14,"column":0}},"14":{"start":{"line":15,"column":0},"end":{"line":15,"column":75}},"15":{"start":{"line":16,"column":0},"end":{"line":16,"column":28}},"16":{"start":{"line":17,"column":0},"end":{"line":17,"column":2}}},"s":{"0":1,"1":1,"2":1,"3":1,"4":1,"5":1,"6":1,"7":0,"8":0,"9":1,"10":1,"11":0,"12":0,"13":1,"14":1,"15":0,"16":0},"branchMap":{"0":{"type":"branch","line":3,"loc":{"start":{"line":3,"column":26},"end":{"line":5,"column":2}},"locations":[{"start":{"line":3,"column":26},"end":{"line":5,"column":2}}]},"1":{"type":"branch","line":3,"loc":{"start":{"line":3,"column":73},"end":{"line":5,"column":2}},"locations":[{"start":{"line":3,"column":73},"end":{"line":5,"column":2}}]}},"b":{"0":[1],"1":[1]},"fnMap":{"0":{"name":"CreateCart","decl":{"start":{"line":3,"column":26},"end":{"line":5,"column":2}},"loc":{"start":{"line":3,"column":26},"end":{"line":5,"column":2}},"line":3},"1":{"name":"UpdateCart","decl":{"start":{"line":7,"column":26},"end":{"line":9,"column":2}},"loc":{"start":{"line":7,"column":26},"end":{"line":9,"column":2}},"line":7},"2":{"name":"GetCart","decl":{"start":{"line":11,"column":23},"end":{"line":13,"column":2}},"loc":{"start":{"line":11,"column":23},"end":{"line":13,"column":2}},"line":11},"3":{"name":"DeleteCart","decl":{"start":{"line":15,"column":26},"end":{"line":17,"column":2}},"loc":{"start":{"line":15,"column":26},"end":{"line":17,"column":2}},"line":15}},"f":{"0":1,"1":0,"2":0,"3":0}}
}
