TN:
SF:src/respository/cart.repository.ts
FN:3,createCart
FN:6,getCart
FN:9,updateCart
FN:12,deleteCart
FNF:4
FNH:0
FNDA:0,createCart
FNDA:0,getCart
FNDA:0,updateCart
FNDA:0,deleteCart
DA:1,1
DA:2,1
DA:3,1
DA:4,0
DA:5,0
DA:6,1
DA:7,0
DA:8,0
DA:9,1
DA:10,0
DA:11,0
DA:12,1
DA:13,0
DA:14,0
DA:15,1
DA:16,1
DA:17,1
DA:18,1
DA:19,1
DA:20,1
DA:21,1
LF:21
LH:13
BRF:0
BRH:0
end_of_record
TN:
SF:src/service/cart.service.ts
FN:3,CreateCart
FN:7,UpdateCart
FN:11,GetCart
FN:15,DeleteCart
FNF:4
FNH:1
FNDA:1,CreateCart
FNDA:0,UpdateCart
FNDA:0,GetCart
FNDA:0,DeleteCart
DA:1,1
DA:2,1
DA:3,1
DA:4,1
DA:5,1
DA:6,1
DA:7,1
DA:8,0
DA:9,0
DA:10,1
DA:11,1
DA:12,0
DA:13,0
DA:14,1
DA:15,1
DA:16,0
DA:17,0
LF:17
LH:11
BRDA:3,0,0,1
BRDA:3,1,0,1
BRF:2
BRH:2
end_of_record
